* 8.0.1
    - Fix sayaad icons appearing on non-tome vendor windows

* 8.0.0
    - Warlock pets tomes are split by type
    - Can now ignore all ranks of a specific tome
    - Succubus/Incubus tomes now track each minion separately
    - Change the color of ignored tomes at vendor
    - Show the actual spell a tome trains at both the vendor and in the spell list

* 7.1.1
    - Fix warlock tomes not being filtered by search

* 7.1.0
    - Add search box to Classic Era
    - Add notification to broker tooltip informining hunters to open beast training when necessary
    - Fix attempting to open spellbook or beast training ui when in combat
    - Fix page buttons in Cata
    - Fix right-click ignore in Cata

* 7.0.1
    - Update Classic Era ToC version

* 7.0.0
    - Add libdatabroker plugin to show spells in TitanPanel/ChocolateBar/etc.
    - Fix issue where spell ranks would not load correctly when logging in
    - Update Cata ToC version

* 6.1.0
    - Fix broken right-click when ClassTrainerPlus is active in 1.15.4

* 6.0.2
    - Update Classic Era ToC version

* 6.0.1
    - Remove debug statement in death knight data

* 6.0.0
    - Added Cataclysm Classic support (Thanks to Venomisto!)

* 5.0.3
    - Update interface version for Wrath and Classic Era
    - Fix 'Way of the Earth' rune in Season of Discovery

* 5.0.2
    - Support the release of ClassTrainerPlus with the new ignore feature

* 5.0.1
    - Include some Wrath changes that were not pushed to the main repository branch

* 5.0.0
    - Right-click to ignore spells

* 4.0.5
    - Fix more Druid spells
    - Fix Priest's Hymn of Hope spell
    - Fix Shaman's Fire Nova spell

* 4.0.4
    - Fix Warrior's Commanding Shout spell

* 4.0.3
    - Fix Druid spells
    - Fix Shaman spells
    - Fix Rogue spells
    - Fix Paladin spells

* 4.0.2
    - Fix Death Coil spell ids

* 4.0.1
    - Death Knight fixes

* 4.0.0
    - WotLK Classic support

* 3.0.0
    - Add TBC Classic support
    - Fix clashing with GrimoireKeeper

* 2.0.2
    - Updated toc version

* 2.0.1
    - Fix error when we don't get a valid warlock tome link

* 2.0.0
    - Added ability to mark warlock Grimoire's as learned so they are displayed differently in the vendor

* 1.9.2
    - Fix hunter error for some locales

* 1.9.1
    - Update toc version

* 1.9.0
    - Added support for known hunter pet abilities
    - Fixed some rogue abilities not being marked as known

* 1.8.7
    - Fixed price of final rank of Wing Clip

* 1.8.6
    - Added Korean (koKR) localization (Thanks to blacknib on CurseForge!)

* 1.8.5
    - Fix warlock's Banish rank 2 level requirement
    - Reenabled mail and plate abilities
    
* 1.8.4
    - Fix druid track humanoids

* 1.8.3
    - Fixed Lay on Hands

* 1.8.2
    - Added German (deDE) localization (Thanks to Dannic89 on GitHub!)
    - Fixed rogue vanish and slice and dice
    - Fixed scroll bar indicators not displaying correctly

* 1.8.1
    - Added Traditional Chinese (zhTW) localization (Thanks to class2u on GitHub!)
    - Rogue poisons always showing always available fixed
    - Fixed sprint and dash

* 1.7.1
    - Fixed additional talent ranks for non-mana users breaking after training rank 2 and above

* 1.7
    - Added Chinese (zhCN) localization (Thanks to dingj on GitHub!)

* 1.6.1
    - Fixed Intimidating Shout being shown at the wrong level
    - Fixed shaman's Cure Disease being shown at the wrong level

* 1.6
    - Fixed warrior abilities showing up as available after a later rank is trained
    - Fixed rogue abilities showing up as available after a later rank is trained
    - Fixed druid abilities showing up as available after a later rank is trained
    - Order pet abilities by level instead of by name
    - List is hidden when switching to the pet tab
    - Ignored hunter pet abilities are now displayed in the ignored category
    - Removed Mail and Plate Mail for the four classes that have it due to it always being displayed as available
    - Added Russian (ruRU) localization (Thanks to Hubbotu on GitHub!)

* 1.5
    - Added French (frFR) localization (Thanks to yannlugrin on GitHub!)

* 1.4
    - Added Warlock pet grimoires to a separate category

* 1.3
    - Hunter Pet Abilities are now in a separate category

* 1.2
    - Fixed old Paladin Aura ranks being listed as "Available Now" after training a new rank

* 1.0
    - Added category for spells that you can't train because you lack the necessary talent
    - Fixed some minor visual issues
    - Performance enhancements

* 0.4-beta
    - Tab icon should always be '?' now
    - Change (Rank #) text color to be more visible
    - Spell cost on tooltip is red if you don't have enough money for it 
    - Cost of training the entire section added to header mouseover tooltip
    - Localization added (enUS only, currently)
 
* 0.3-beta
    - Fix WoWI bug 8884
    - Won't show other faction's mage ports/teles
    - Won't show other race's priest spells
    
